::1 - - [15/May/2016:12:05:11 -0300] "GET /app_dev.php HTTP/1.1" 500 175924 "-" "Mozilla/5.0 (Windows NT 10.0; WOW64; rv:46.0) Gecko/20100101 Firefox/46.0"
::1 - - [15/May/2016:12:05:18 -0300] "GET /bundles/framework/css/structure.css HTTP/1.1" 200 1200 "http://localhost/app_dev.php" "Mozilla/5.0 (Windows NT 10.0; WOW64; rv:46.0) Gecko/20100101 Firefox/46.0"
::1 - - [15/May/2016:12:05:18 -0300] "GET /bundles/framework/css/body.css HTTP/1.1" 200 6682 "http://localhost/app_dev.php" "Mozilla/5.0 (Windows NT 10.0; WOW64; rv:46.0) Gecko/20100101 Firefox/46.0"
::1 - - [15/May/2016:12:05:18 -0300] "GET /bundles/framework/css/exception.css HTTP/1.1" 200 2396 "http://localhost/app_dev.php" "Mozilla/5.0 (Windows NT 10.0; WOW64; rv:46.0) Gecko/20100101 Firefox/46.0"
::1 - - [15/May/2016:12:05:19 -0300] "GET /app_dev.php/_wdt/9167e9 HTTP/1.1" 200 34768 "http://localhost/app_dev.php" "Mozilla/5.0 (Windows NT 10.0; WOW64; rv:46.0) Gecko/20100101 Firefox/46.0"
::1 - - [15/May/2016:12:05:46 -0300] "GET /app_dev.php HTTP/1.1" 500 293976 "-" "Mozilla/5.0 (Windows NT 10.0; WOW64; rv:46.0) Gecko/20100101 Firefox/46.0"
::1 - - [15/May/2016:12:05:50 -0300] "GET /bundles/framework/css/structure.css HTTP/1.1" 304 - "http://localhost/app_dev.php" "Mozilla/5.0 (Windows NT 10.0; WOW64; rv:46.0) Gecko/20100101 Firefox/46.0"
::1 - - [15/May/2016:12:05:50 -0300] "GET /bundles/framework/css/exception.css HTTP/1.1" 304 - "http://localhost/app_dev.php" "Mozilla/5.0 (Windows NT 10.0; WOW64; rv:46.0) Gecko/20100101 Firefox/46.0"
::1 - - [15/May/2016:12:05:50 -0300] "GET /bundles/framework/css/body.css HTTP/1.1" 304 - "http://localhost/app_dev.php" "Mozilla/5.0 (Windows NT 10.0; WOW64; rv:46.0) Gecko/20100101 Firefox/46.0"
::1 - - [15/May/2016:12:05:50 -0300] "GET /app_dev.php/_wdt/b4bf3a HTTP/1.1" 200 34768 "http://localhost/app_dev.php" "Mozilla/5.0 (Windows NT 10.0; WOW64; rv:46.0) Gecko/20100101 Firefox/46.0"
127.0.0.1 - - [15/May/2016:13:43:32 -0300] "POST /cpas HTTP/1.1" 404 471 "-" "gSOAP/2.8"
127.0.0.1 - - [15/May/2016:13:43:43 -0300] "POST /cpas HTTP/1.1" 404 471 "-" "gSOAP/2.8"
127.0.0.1 - - [15/May/2016:15:43:45 -0300] "POST /cpas HTTP/1.1" 404 471 "-" "gSOAP/2.8"
127.0.0.1 - - [15/May/2016:15:43:55 -0300] "POST /cpas HTTP/1.1" 404 471 "-" "gSOAP/2.8"
127.0.0.1 - - [15/May/2016:17:43:57 -0300] "POST /cpas HTTP/1.1" 404 471 "-" "gSOAP/2.8"
127.0.0.1 - - [15/May/2016:17:44:07 -0300] "POST /cpas HTTP/1.1" 404 471 "-" "gSOAP/2.8"
192.168.2.1 - - [15/May/2016:18:31:09 -0300] "GET /favicon.ico HTTP/1.1" 200 6518 "-" "Mozilla/5.0 (Windows NT 10.0; WOW64; rv:46.0) Gecko/20100101 Firefox/46.0"
192.168.2.1 - - [15/May/2016:18:31:09 -0300] "GET /favicon.ico HTTP/1.1" 200 6518 "-" "Mozilla/5.0 (Windows NT 10.0; WOW64; rv:46.0) Gecko/20100101 Firefox/46.0"
192.168.2.1 - - [15/May/2016:18:31:11 -0300] "GET / HTTP/1.1" 500 674 "-" "Mozilla/5.0 (Windows NT 10.0; WOW64; rv:46.0) Gecko/20100101 Firefox/46.0"
::1 - - [15/May/2016:18:35:12 -0300] "GET /bundles/app/css/frontend/bootstrap.min.css HTTP/1.1" 200 109522 "http://localhost/app_dev.php" "Mozilla/5.0 (Windows NT 10.0; WOW64; rv:46.0) Gecko/20100101 Firefox/46.0"
::1 - - [15/May/2016:18:35:08 -0300] "GET /app_dev.php HTTP/1.1" 200 32531 "-" "Mozilla/5.0 (Windows NT 10.0; WOW64; rv:46.0) Gecko/20100101 Firefox/46.0"
::1 - - [15/May/2016:18:35:12 -0300] "GET /assets/css/font-awesome.min.css HTTP/1.1" 200 20766 "http://localhost/app_dev.php" "Mozilla/5.0 (Windows NT 10.0; WOW64; rv:46.0) Gecko/20100101 Firefox/46.0"
::1 - - [15/May/2016:18:35:12 -0300] "GET /bundles/rbsoftabmgenerador/fileupload//js/fileinput.min.js HTTP/1.1" 200 22670 "http://localhost/app_dev.php" "Mozilla/5.0 (Windows NT 10.0; WOW64; rv:46.0) Gecko/20100101 Firefox/46.0"
::1 - - [15/May/2016:18:35:12 -0300] "GET /assets/js/plugins/modernizr/modernizr.js HTTP/1.1" 200 9649 "http://localhost/app_dev.php" "Mozilla/5.0 (Windows NT 10.0; WOW64; rv:46.0) Gecko/20100101 Firefox/46.0"
::1 - - [15/May/2016:18:35:12 -0300] "GET /app_dev.php/css/929f201_part_1.css HTTP/1.1" 200 25040 "http://localhost/app_dev.php" "Mozilla/5.0 (Windows NT 10.0; WOW64; rv:46.0) Gecko/20100101 Firefox/46.0"
::1 - - [15/May/2016:18:35:12 -0300] "GET /app_dev.php/js/1e643b1_part_1.js HTTP/1.1" 200 7204 "http://localhost/app_dev.php" "Mozilla/5.0 (Windows NT 10.0; WOW64; rv:46.0) Gecko/20100101 Firefox/46.0"
::1 - - [15/May/2016:18:35:12 -0300] "GET /app_dev.php/js/57ea7aa_part_1.js HTTP/1.1" 200 54503 "http://localhost/app_dev.php" "Mozilla/5.0 (Windows NT 10.0; WOW64; rv:46.0) Gecko/20100101 Firefox/46.0"
::1 - - [15/May/2016:18:35:12 -0300] "GET /app_dev.php/js/routing?callback=fos.Router.setData HTTP/1.1" 200 920 "http://localhost/app_dev.php" "Mozilla/5.0 (Windows NT 10.0; WOW64; rv:46.0) Gecko/20100101 Firefox/46.0"
::1 - - [15/May/2016:18:35:15 -0300] "GET /images/wnfried_logo_frontend.png HTTP/1.1" 200 35131 "http://localhost/app_dev.php" "Mozilla/5.0 (Windows NT 10.0; WOW64; rv:46.0) Gecko/20100101 Firefox/46.0"
::1 - - [15/May/2016:18:35:15 -0300] "GET /images/payment-icon/paypal.png HTTP/1.1" 200 2676 "http://localhost/app_dev.php" "Mozilla/5.0 (Windows NT 10.0; WOW64; rv:46.0) Gecko/20100101 Firefox/46.0"
::1 - - [15/May/2016:18:35:15 -0300] "GET /images/payment-icon/cirrus.png HTTP/1.1" 200 3418 "http://localhost/app_dev.php" "Mozilla/5.0 (Windows NT 10.0; WOW64; rv:46.0) Gecko/20100101 Firefox/46.0"
::1 - - [15/May/2016:18:35:15 -0300] "GET /images/payment-icon/visa.png HTTP/1.1" 200 2655 "http://localhost/app_dev.php" "Mozilla/5.0 (Windows NT 10.0; WOW64; rv:46.0) Gecko/20100101 Firefox/46.0"
::1 - - [15/May/2016:18:35:15 -0300] "GET /images/payment-icon/mastercard.png HTTP/1.1" 200 3357 "http://localhost/app_dev.php" "Mozilla/5.0 (Windows NT 10.0; WOW64; rv:46.0) Gecko/20100101 Firefox/46.0"
::1 - - [15/May/2016:18:35:15 -0300] "GET /images/payment-icon/americanexpress.png HTTP/1.1" 200 4079 "http://localhost/app_dev.php" "Mozilla/5.0 (Windows NT 10.0; WOW64; rv:46.0) Gecko/20100101 Firefox/46.0"
::1 - - [15/May/2016:18:35:16 -0300] "GET /bundles/app/images/loadinfo.gif HTTP/1.1" 200 21013 "http://localhost/app_dev.php/css/929f201_part_1.css" "Mozilla/5.0 (Windows NT 10.0; WOW64; rv:46.0) Gecko/20100101 Firefox/46.0"
::1 - - [15/May/2016:18:35:16 -0300] "GET /assets/fonts/fontawesome-webfont.woff?v=4.1.0 HTTP/1.1" 200 83760 "http://localhost/assets/css/font-awesome.min.css" "Mozilla/5.0 (Windows NT 10.0; WOW64; rv:46.0) Gecko/20100101 Firefox/46.0"
::1 - - [15/May/2016:18:35:16 -0300] "GET /app_dev.php/_wdt/771af7 HTTP/1.1" 200 37181 "http://localhost/app_dev.php" "Mozilla/5.0 (Windows NT 10.0; WOW64; rv:46.0) Gecko/20100101 Firefox/46.0"
192.168.2.1 - - [15/May/2016:18:35:29 -0300] "GET / HTTP/1.1" 500 674 "-" "Mozilla/5.0 (Windows NT 10.0; WOW64; rv:46.0) Gecko/20100101 Firefox/46.0"
192.168.2.1 - - [15/May/2016:18:35:54 -0300] "GET / HTTP/1.1" 200 11150 "-" "Mozilla/5.0 (Windows NT 10.0; WOW64; rv:46.0) Gecko/20100101 Firefox/46.0"
192.168.2.1 - - [15/May/2016:18:35:58 -0300] "GET /bundles/app/css/frontend/bootstrap.min.css HTTP/1.1" 200 109522 "http://cachorios.dynu.com/" "Mozilla/5.0 (Windows NT 10.0; WOW64; rv:46.0) Gecko/20100101 Firefox/46.0"
192.168.2.1 - - [15/May/2016:18:35:58 -0300] "GET /assets/css/font-awesome.min.css HTTP/1.1" 200 20766 "http://cachorios.dynu.com/" "Mozilla/5.0 (Windows NT 10.0; WOW64; rv:46.0) Gecko/20100101 Firefox/46.0"
192.168.2.1 - - [15/May/2016:18:35:58 -0300] "GET /assets/js/plugins/modernizr/modernizr.js HTTP/1.1" 200 9649 "http://cachorios.dynu.com/" "Mozilla/5.0 (Windows NT 10.0; WOW64; rv:46.0) Gecko/20100101 Firefox/46.0"
192.168.2.1 - - [15/May/2016:18:35:58 -0300] "GET /css/929f201.css HTTP/1.1" 200 25041 "http://cachorios.dynu.com/" "Mozilla/5.0 (Windows NT 10.0; WOW64; rv:46.0) Gecko/20100101 Firefox/46.0"
192.168.2.1 - - [15/May/2016:18:35:58 -0300] "GET /bundles/rbsoftabmgenerador/fileupload//js/fileinput.min.js HTTP/1.1" 200 22670 "http://cachorios.dynu.com/" "Mozilla/5.0 (Windows NT 10.0; WOW64; rv:46.0) Gecko/20100101 Firefox/46.0"
192.168.2.1 - - [15/May/2016:18:35:58 -0300] "GET /js/1e643b1.js HTTP/1.1" 200 7204 "http://cachorios.dynu.com/" "Mozilla/5.0 (Windows NT 10.0; WOW64; rv:46.0) Gecko/20100101 Firefox/46.0"
192.168.2.1 - - [15/May/2016:18:35:58 -0300] "GET /js/57ea7aa.js HTTP/1.1" 200 54503 "http://cachorios.dynu.com/" "Mozilla/5.0 (Windows NT 10.0; WOW64; rv:46.0) Gecko/20100101 Firefox/46.0"
192.168.2.1 - - [15/May/2016:18:35:58 -0300] "GET /images/payment-icon/paypal.png HTTP/1.1" 200 2676 "http://cachorios.dynu.com/" "Mozilla/5.0 (Windows NT 10.0; WOW64; rv:46.0) Gecko/20100101 Firefox/46.0"
192.168.2.1 - - [15/May/2016:18:35:58 -0300] "GET /images/wnfried_logo_frontend.png HTTP/1.1" 200 35131 "http://cachorios.dynu.com/" "Mozilla/5.0 (Windows NT 10.0; WOW64; rv:46.0) Gecko/20100101 Firefox/46.0"
192.168.2.1 - - [15/May/2016:18:35:58 -0300] "GET /images/payment-icon/visa.png HTTP/1.1" 200 2655 "http://cachorios.dynu.com/" "Mozilla/5.0 (Windows NT 10.0; WOW64; rv:46.0) Gecko/20100101 Firefox/46.0"
192.168.2.1 - - [15/May/2016:18:35:58 -0300] "GET /images/payment-icon/cirrus.png HTTP/1.1" 200 3418 "http://cachorios.dynu.com/" "Mozilla/5.0 (Windows NT 10.0; WOW64; rv:46.0) Gecko/20100101 Firefox/46.0"
192.168.2.1 - - [15/May/2016:18:35:58 -0300] "GET /images/payment-icon/mastercard.png HTTP/1.1" 200 3357 "http://cachorios.dynu.com/" "Mozilla/5.0 (Windows NT 10.0; WOW64; rv:46.0) Gecko/20100101 Firefox/46.0"
192.168.2.1 - - [15/May/2016:18:35:58 -0300] "GET /images/payment-icon/americanexpress.png HTTP/1.1" 200 4079 "http://cachorios.dynu.com/" "Mozilla/5.0 (Windows NT 10.0; WOW64; rv:46.0) Gecko/20100101 Firefox/46.0"
192.168.2.1 - - [15/May/2016:18:35:58 -0300] "GET /js/routing?callback=fos.Router.setData HTTP/1.1" 200 916 "http://cachorios.dynu.com/" "Mozilla/5.0 (Windows NT 10.0; WOW64; rv:46.0) Gecko/20100101 Firefox/46.0"
192.168.2.1 - - [15/May/2016:18:35:59 -0300] "GET /bundles/app/images/loadinfo.gif HTTP/1.1" 200 21013 "http://cachorios.dynu.com/css/929f201.css" "Mozilla/5.0 (Windows NT 10.0; WOW64; rv:46.0) Gecko/20100101 Firefox/46.0"
192.168.2.1 - - [15/May/2016:18:35:59 -0300] "GET /assets/fonts/fontawesome-webfont.woff?v=4.1.0 HTTP/1.1" 200 83760 "http://cachorios.dynu.com/assets/css/font-awesome.min.css" "Mozilla/5.0 (Windows NT 10.0; WOW64; rv:46.0) Gecko/20100101 Firefox/46.0"
::1 - - [15/May/2016:18:38:01 -0300] "GET /assets/css/font-awesome.min.css HTTP/1.1" 304 - "http://localhost/app_dev.php" "Mozilla/5.0 (Windows NT 10.0; WOW64; rv:46.0) Gecko/20100101 Firefox/46.0"
::1 - - [15/May/2016:18:38:01 -0300] "GET /assets/js/plugins/modernizr/modernizr.js HTTP/1.1" 304 - "http://localhost/app_dev.php" "Mozilla/5.0 (Windows NT 10.0; WOW64; rv:46.0) Gecko/20100101 Firefox/46.0"
::1 - - [15/May/2016:18:38:01 -0300] "GET /bundles/app/css/frontend/bootstrap.min.css HTTP/1.1" 304 - "http://localhost/app_dev.php" "Mozilla/5.0 (Windows NT 10.0; WOW64; rv:46.0) Gecko/20100101 Firefox/46.0"
::1 - - [15/May/2016:18:38:01 -0300] "GET /bundles/rbsoftabmgenerador/fileupload//js/fileinput.min.js HTTP/1.1" 304 - "http://localhost/app_dev.php" "Mozilla/5.0 (Windows NT 10.0; WOW64; rv:46.0) Gecko/20100101 Firefox/46.0"
::1 - - [15/May/2016:18:37:57 -0300] "GET /app_dev.php HTTP/1.1" 200 32531 "-" "Mozilla/5.0 (Windows NT 10.0; WOW64; rv:46.0) Gecko/20100101 Firefox/46.0"
::1 - - [15/May/2016:18:38:01 -0300] "GET /app_dev.php/js/routing?callback=fos.Router.setData HTTP/1.1" 200 920 "http://localhost/app_dev.php" "Mozilla/5.0 (Windows NT 10.0; WOW64; rv:46.0) Gecko/20100101 Firefox/46.0"
::1 - - [15/May/2016:18:38:01 -0300] "GET /app_dev.php/js/57ea7aa_part_1.js HTTP/1.1" 304 - "http://localhost/app_dev.php" "Mozilla/5.0 (Windows NT 10.0; WOW64; rv:46.0) Gecko/20100101 Firefox/46.0"
::1 - - [15/May/2016:18:38:01 -0300] "GET /app_dev.php/css/929f201_part_1.css HTTP/1.1" 304 - "http://localhost/app_dev.php" "Mozilla/5.0 (Windows NT 10.0; WOW64; rv:46.0) Gecko/20100101 Firefox/46.0"
::1 - - [15/May/2016:18:38:01 -0300] "GET /app_dev.php/js/1e643b1_part_1.js HTTP/1.1" 304 - "http://localhost/app_dev.php" "Mozilla/5.0 (Windows NT 10.0; WOW64; rv:46.0) Gecko/20100101 Firefox/46.0"
::1 - - [15/May/2016:18:38:05 -0300] "GET /images/wnfried_logo_frontend.png HTTP/1.1" 304 - "http://localhost/app_dev.php" "Mozilla/5.0 (Windows NT 10.0; WOW64; rv:46.0) Gecko/20100101 Firefox/46.0"
::1 - - [15/May/2016:18:38:05 -0300] "GET /images/payment-icon/cirrus.png HTTP/1.1" 304 - "http://localhost/app_dev.php" "Mozilla/5.0 (Windows NT 10.0; WOW64; rv:46.0) Gecko/20100101 Firefox/46.0"
::1 - - [15/May/2016:18:38:05 -0300] "GET /images/payment-icon/paypal.png HTTP/1.1" 304 - "http://localhost/app_dev.php" "Mozilla/5.0 (Windows NT 10.0; WOW64; rv:46.0) Gecko/20100101 Firefox/46.0"
::1 - - [15/May/2016:18:38:05 -0300] "GET /images/payment-icon/visa.png HTTP/1.1" 304 - "http://localhost/app_dev.php" "Mozilla/5.0 (Windows NT 10.0; WOW64; rv:46.0) Gecko/20100101 Firefox/46.0"
::1 - - [15/May/2016:18:38:05 -0300] "GET /images/payment-icon/americanexpress.png HTTP/1.1" 304 - "http://localhost/app_dev.php" "Mozilla/5.0 (Windows NT 10.0; WOW64; rv:46.0) Gecko/20100101 Firefox/46.0"
::1 - - [15/May/2016:18:38:05 -0300] "GET /images/payment-icon/mastercard.png HTTP/1.1" 304 - "http://localhost/app_dev.php" "Mozilla/5.0 (Windows NT 10.0; WOW64; rv:46.0) Gecko/20100101 Firefox/46.0"
::1 - - [15/May/2016:18:38:05 -0300] "GET /bundles/app/images/loadinfo.gif HTTP/1.1" 304 - "http://localhost/app_dev.php/css/929f201_part_1.css" "Mozilla/5.0 (Windows NT 10.0; WOW64; rv:46.0) Gecko/20100101 Firefox/46.0"
::1 - - [15/May/2016:18:38:05 -0300] "GET /app_dev.php/_wdt/fdf43b HTTP/1.1" 200 37182 "http://localhost/app_dev.php" "Mozilla/5.0 (Windows NT 10.0; WOW64; rv:46.0) Gecko/20100101 Firefox/46.0"
::1 - - [15/May/2016:18:39:16 -0300] "GET /app_dev.php/_profiler/fdf43b?panel=translation HTTP/1.1" 200 77773 "http://localhost/app_dev.php" "Mozilla/5.0 (Windows NT 10.0; WOW64; rv:46.0) Gecko/20100101 Firefox/46.0"
::1 - - [15/May/2016:18:39:20 -0300] "GET /app_dev.php/_profiler/fdf43b?panel=logger HTTP/1.1" 200 310171 "http://localhost/app_dev.php/_profiler/fdf43b?panel=translation" "Mozilla/5.0 (Windows NT 10.0; WOW64; rv:46.0) Gecko/20100101 Firefox/46.0"
::1 - - [15/May/2016:18:39:47 -0300] "GET /app_dev.php/admin HTTP/1.1" 301 384 "-" "Mozilla/5.0 (Windows NT 10.0; WOW64; rv:46.0) Gecko/20100101 Firefox/46.0"
::1 - - [15/May/2016:18:39:49 -0300] "GET /app_dev.php/admin/ HTTP/1.1" 302 380 "-" "Mozilla/5.0 (Windows NT 10.0; WOW64; rv:46.0) Gecko/20100101 Firefox/46.0"
::1 - - [15/May/2016:18:39:50 -0300] "GET /app_dev.php/login HTTP/1.1" 500 258885 "-" "Mozilla/5.0 (Windows NT 10.0; WOW64; rv:46.0) Gecko/20100101 Firefox/46.0"
::1 - - [15/May/2016:18:39:52 -0300] "GET /bundles/framework/css/structure.css HTTP/1.1" 200 1200 "http://localhost/app_dev.php/login" "Mozilla/5.0 (Windows NT 10.0; WOW64; rv:46.0) Gecko/20100101 Firefox/46.0"
::1 - - [15/May/2016:18:39:52 -0300] "GET /bundles/framework/css/exception.css HTTP/1.1" 200 2396 "http://localhost/app_dev.php/login" "Mozilla/5.0 (Windows NT 10.0; WOW64; rv:46.0) Gecko/20100101 Firefox/46.0"
::1 - - [15/May/2016:18:39:52 -0300] "GET /bundles/framework/css/body.css HTTP/1.1" 200 6682 "http://localhost/app_dev.php/login" "Mozilla/5.0 (Windows NT 10.0; WOW64; rv:46.0) Gecko/20100101 Firefox/46.0"
::1 - - [15/May/2016:18:39:52 -0300] "GET /app_dev.php/_wdt/66e02e HTTP/1.1" 200 35139 "http://localhost/app_dev.php/login" "Mozilla/5.0 (Windows NT 10.0; WOW64; rv:46.0) Gecko/20100101 Firefox/46.0"
::1 - - [15/May/2016:18:41:50 -0300] "GET /assets/css/font-awesome.min.css HTTP/1.1" 304 - "http://localhost/app_dev.php/login" "Mozilla/5.0 (Windows NT 10.0; WOW64; rv:46.0) Gecko/20100101 Firefox/46.0"
::1 - - [15/May/2016:18:41:50 -0300] "GET /assets/js/plugins/modernizr/modernizr.js HTTP/1.1" 304 - "http://localhost/app_dev.php/login" "Mozilla/5.0 (Windows NT 10.0; WOW64; rv:46.0) Gecko/20100101 Firefox/46.0"
::1 - - [15/May/2016:18:41:49 -0300] "GET /app_dev.php/login HTTP/1.1" 200 34769 "-" "Mozilla/5.0 (Windows NT 10.0; WOW64; rv:46.0) Gecko/20100101 Firefox/46.0"
::1 - - [15/May/2016:18:41:50 -0300] "GET /bundles/app/css/frontend/bootstrap.min.css HTTP/1.1" 304 - "http://localhost/app_dev.php/login" "Mozilla/5.0 (Windows NT 10.0; WOW64; rv:46.0) Gecko/20100101 Firefox/46.0"
::1 - - [15/May/2016:18:41:50 -0300] "GET /bundles/rbsoftabmgenerador/fileupload//js/fileinput.min.js HTTP/1.1" 304 - "http://localhost/app_dev.php/login" "Mozilla/5.0 (Windows NT 10.0; WOW64; rv:46.0) Gecko/20100101 Firefox/46.0"
::1 - - [15/May/2016:18:41:50 -0300] "GET /app_dev.php/js/1e643b1_part_1.js HTTP/1.1" 304 - "http://localhost/app_dev.php/login" "Mozilla/5.0 (Windows NT 10.0; WOW64; rv:46.0) Gecko/20100101 Firefox/46.0"
::1 - - [15/May/2016:18:41:50 -0300] "GET /app_dev.php/js/routing?callback=fos.Router.setData HTTP/1.1" 200 920 "http://localhost/app_dev.php/login" "Mozilla/5.0 (Windows NT 10.0; WOW64; rv:46.0) Gecko/20100101 Firefox/46.0"
::1 - - [15/May/2016:18:41:50 -0300] "GET /app_dev.php/css/929f201_part_1.css HTTP/1.1" 304 - "http://localhost/app_dev.php/login" "Mozilla/5.0 (Windows NT 10.0; WOW64; rv:46.0) Gecko/20100101 Firefox/46.0"
::1 - - [15/May/2016:18:41:53 -0300] "GET /images/wnfried_logo_frontend.png HTTP/1.1" 304 - "http://localhost/app_dev.php/login" "Mozilla/5.0 (Windows NT 10.0; WOW64; rv:46.0) Gecko/20100101 Firefox/46.0"
::1 - - [15/May/2016:18:41:53 -0300] "GET /images/payment-icon/cirrus.png HTTP/1.1" 304 - "http://localhost/app_dev.php/login" "Mozilla/5.0 (Windows NT 10.0; WOW64; rv:46.0) Gecko/20100101 Firefox/46.0"
::1 - - [15/May/2016:18:41:53 -0300] "GET /images/payment-icon/paypal.png HTTP/1.1" 304 - "http://localhost/app_dev.php/login" "Mozilla/5.0 (Windows NT 10.0; WOW64; rv:46.0) Gecko/20100101 Firefox/46.0"
::1 - - [15/May/2016:18:41:53 -0300] "GET /images/payment-icon/visa.png HTTP/1.1" 304 - "http://localhost/app_dev.php/login" "Mozilla/5.0 (Windows NT 10.0; WOW64; rv:46.0) Gecko/20100101 Firefox/46.0"
::1 - - [15/May/2016:18:41:53 -0300] "GET /images/payment-icon/mastercard.png HTTP/1.1" 304 - "http://localhost/app_dev.php/login" "Mozilla/5.0 (Windows NT 10.0; WOW64; rv:46.0) Gecko/20100101 Firefox/46.0"
::1 - - [15/May/2016:18:41:53 -0300] "GET /images/payment-icon/americanexpress.png HTTP/1.1" 304 - "http://localhost/app_dev.php/login" "Mozilla/5.0 (Windows NT 10.0; WOW64; rv:46.0) Gecko/20100101 Firefox/46.0"
::1 - - [15/May/2016:18:41:50 -0300] "GET /app_dev.php/js/57ea7aa_part_1.js HTTP/1.1" 304 - "http://localhost/app_dev.php/login" "Mozilla/5.0 (Windows NT 10.0; WOW64; rv:46.0) Gecko/20100101 Firefox/46.0"
::1 - - [15/May/2016:18:41:54 -0300] "GET /bundles/app/images/loadinfo.gif HTTP/1.1" 304 - "http://localhost/app_dev.php/css/929f201_part_1.css" "Mozilla/5.0 (Windows NT 10.0; WOW64; rv:46.0) Gecko/20100101 Firefox/46.0"
::1 - - [15/May/2016:18:41:53 -0300] "GET /app_dev.php/favicon.ico HTTP/1.1" 404 116634 "-" "Mozilla/5.0 (Windows NT 10.0; WOW64; rv:46.0) Gecko/20100101 Firefox/46.0"
::1 - - [15/May/2016:18:41:54 -0300] "GET /app_dev.php/_wdt/56623b HTTP/1.1" 200 35120 "http://localhost/app_dev.php/login" "Mozilla/5.0 (Windows NT 10.0; WOW64; rv:46.0) Gecko/20100101 Firefox/46.0"
::1 - - [15/May/2016:18:41:55 -0300] "GET /app_dev.php/favicon.ico HTTP/1.1" 404 116634 "-" "Mozilla/5.0 (Windows NT 10.0; WOW64; rv:46.0) Gecko/20100101 Firefox/46.0"
::1 - - [15/May/2016:18:43:02 -0300] "GET /app_dev.php/login HTTP/1.1" 500 275902 "-" "Mozilla/5.0 (Windows NT 10.0; WOW64; rv:46.0) Gecko/20100101 Firefox/46.0"
::1 - - [15/May/2016:18:43:05 -0300] "GET /bundles/framework/css/structure.css HTTP/1.1" 304 - "http://localhost/app_dev.php/login" "Mozilla/5.0 (Windows NT 10.0; WOW64; rv:46.0) Gecko/20100101 Firefox/46.0"
::1 - - [15/May/2016:18:43:05 -0300] "GET /bundles/framework/css/body.css HTTP/1.1" 304 - "http://localhost/app_dev.php/login" "Mozilla/5.0 (Windows NT 10.0; WOW64; rv:46.0) Gecko/20100101 Firefox/46.0"
::1 - - [15/May/2016:18:43:05 -0300] "GET /bundles/framework/css/exception.css HTTP/1.1" 304 - "http://localhost/app_dev.php/login" "Mozilla/5.0 (Windows NT 10.0; WOW64; rv:46.0) Gecko/20100101 Firefox/46.0"
::1 - - [15/May/2016:18:43:05 -0300] "GET /app_dev.php/_wdt/566c4c HTTP/1.1" 200 35139 "http://localhost/app_dev.php/login" "Mozilla/5.0 (Windows NT 10.0; WOW64; rv:46.0) Gecko/20100101 Firefox/46.0"
::1 - - [15/May/2016:18:43:24 -0300] "GET /app_dev.php/login HTTP/1.1" 500 270699 "-" "Mozilla/5.0 (Windows NT 10.0; WOW64; rv:46.0) Gecko/20100101 Firefox/46.0"
::1 - - [15/May/2016:18:43:27 -0300] "GET /bundles/framework/css/structure.css HTTP/1.1" 304 - "http://localhost/app_dev.php/login" "Mozilla/5.0 (Windows NT 10.0; WOW64; rv:46.0) Gecko/20100101 Firefox/46.0"
::1 - - [15/May/2016:18:43:27 -0300] "GET /bundles/framework/css/body.css HTTP/1.1" 304 - "http://localhost/app_dev.php/login" "Mozilla/5.0 (Windows NT 10.0; WOW64; rv:46.0) Gecko/20100101 Firefox/46.0"
::1 - - [15/May/2016:18:43:27 -0300] "GET /bundles/framework/css/exception.css HTTP/1.1" 304 - "http://localhost/app_dev.php/login" "Mozilla/5.0 (Windows NT 10.0; WOW64; rv:46.0) Gecko/20100101 Firefox/46.0"
::1 - - [15/May/2016:18:43:27 -0300] "GET /app_dev.php/_wdt/cb4244 HTTP/1.1" 200 35139 "http://localhost/app_dev.php/login" "Mozilla/5.0 (Windows NT 10.0; WOW64; rv:46.0) Gecko/20100101 Firefox/46.0"
::1 - - [15/May/2016:18:44:55 -0300] "GET /app_dev.php/login HTTP/1.1" 500 272896 "-" "Mozilla/5.0 (Windows NT 10.0; WOW64; rv:46.0) Gecko/20100101 Firefox/46.0"
::1 - - [15/May/2016:18:44:57 -0300] "GET /bundles/framework/css/structure.css HTTP/1.1" 304 - "http://localhost/app_dev.php/login" "Mozilla/5.0 (Windows NT 10.0; WOW64; rv:46.0) Gecko/20100101 Firefox/46.0"
::1 - - [15/May/2016:18:44:57 -0300] "GET /bundles/framework/css/body.css HTTP/1.1" 304 - "http://localhost/app_dev.php/login" "Mozilla/5.0 (Windows NT 10.0; WOW64; rv:46.0) Gecko/20100101 Firefox/46.0"
::1 - - [15/May/2016:18:44:57 -0300] "GET /bundles/framework/css/exception.css HTTP/1.1" 304 - "http://localhost/app_dev.php/login" "Mozilla/5.0 (Windows NT 10.0; WOW64; rv:46.0) Gecko/20100101 Firefox/46.0"
::1 - - [15/May/2016:18:44:57 -0300] "GET /app_dev.php/_wdt/fb8d1b HTTP/1.1" 200 35131 "http://localhost/app_dev.php/login" "Mozilla/5.0 (Windows NT 10.0; WOW64; rv:46.0) Gecko/20100101 Firefox/46.0"
::1 - - [15/May/2016:18:46:11 -0300] "GET /app_dev.php/login HTTP/1.1" 500 272896 "-" "Mozilla/5.0 (Windows NT 10.0; WOW64; rv:46.0) Gecko/20100101 Firefox/46.0"
::1 - - [15/May/2016:18:46:15 -0300] "GET /bundles/framework/css/structure.css HTTP/1.1" 304 - "http://localhost/app_dev.php/login" "Mozilla/5.0 (Windows NT 10.0; WOW64; rv:46.0) Gecko/20100101 Firefox/46.0"
::1 - - [15/May/2016:18:46:15 -0300] "GET /bundles/framework/css/body.css HTTP/1.1" 304 - "http://localhost/app_dev.php/login" "Mozilla/5.0 (Windows NT 10.0; WOW64; rv:46.0) Gecko/20100101 Firefox/46.0"
::1 - - [15/May/2016:18:46:15 -0300] "GET /bundles/framework/css/exception.css HTTP/1.1" 304 - "http://localhost/app_dev.php/login" "Mozilla/5.0 (Windows NT 10.0; WOW64; rv:46.0) Gecko/20100101 Firefox/46.0"
::1 - - [15/May/2016:18:46:15 -0300] "GET /app_dev.php/_wdt/3b2199 HTTP/1.1" 200 35131 "http://localhost/app_dev.php/login" "Mozilla/5.0 (Windows NT 10.0; WOW64; rv:46.0) Gecko/20100101 Firefox/46.0"
::1 - - [15/May/2016:18:46:36 -0300] "GET /assets/css/font-awesome.min.css HTTP/1.1" 304 - "http://localhost/app_dev.php/login" "Mozilla/5.0 (Windows NT 10.0; WOW64; rv:46.0) Gecko/20100101 Firefox/46.0"
::1 - - [15/May/2016:18:46:36 -0300] "GET /assets/js/plugins/modernizr/modernizr.js HTTP/1.1" 304 - "http://localhost/app_dev.php/login" "Mozilla/5.0 (Windows NT 10.0; WOW64; rv:46.0) Gecko/20100101 Firefox/46.0"
::1 - - [15/May/2016:18:46:36 -0300] "GET /bundles/app/css/frontend/bootstrap.min.css HTTP/1.1" 304 - "http://localhost/app_dev.php/login" "Mozilla/5.0 (Windows NT 10.0; WOW64; rv:46.0) Gecko/20100101 Firefox/46.0"
::1 - - [15/May/2016:18:46:36 -0300] "GET /bundles/rbsoftabmgenerador/fileupload//js/fileinput.min.js HTTP/1.1" 304 - "http://localhost/app_dev.php/login" "Mozilla/5.0 (Windows NT 10.0; WOW64; rv:46.0) Gecko/20100101 Firefox/46.0"
::1 - - [15/May/2016:18:46:30 -0300] "GET /app_dev.php/login HTTP/1.1" 200 1376329 "-" "Mozilla/5.0 (Windows NT 10.0; WOW64; rv:46.0) Gecko/20100101 Firefox/46.0"
::1 - - [15/May/2016:18:46:45 -0300] "GET /app_dev.php/js/57ea7aa_part_1.js HTTP/1.1" 304 - "http://localhost/app_dev.php/login" "Mozilla/5.0 (Windows NT 10.0; WOW64; rv:46.0) Gecko/20100101 Firefox/46.0"
::1 - - [15/May/2016:18:46:45 -0300] "GET /app_dev.php/js/1e643b1_part_1.js HTTP/1.1" 304 - "http://localhost/app_dev.php/login" "Mozilla/5.0 (Windows NT 10.0; WOW64; rv:46.0) Gecko/20100101 Firefox/46.0"
::1 - - [15/May/2016:18:46:45 -0300] "GET /app_dev.php/js/routing?callback=fos.Router.setData HTTP/1.1" 200 920 "http://localhost/app_dev.php/login" "Mozilla/5.0 (Windows NT 10.0; WOW64; rv:46.0) Gecko/20100101 Firefox/46.0"
::1 - - [15/May/2016:18:46:45 -0300] "GET /app_dev.php/css/929f201_part_1.css HTTP/1.1" 304 - "http://localhost/app_dev.php/login" "Mozilla/5.0 (Windows NT 10.0; WOW64; rv:46.0) Gecko/20100101 Firefox/46.0"
::1 - - [15/May/2016:18:46:50 -0300] "GET /images/wnfried_logo_frontend.png HTTP/1.1" 304 - "http://localhost/app_dev.php/login" "Mozilla/5.0 (Windows NT 10.0; WOW64; rv:46.0) Gecko/20100101 Firefox/46.0"
::1 - - [15/May/2016:18:46:50 -0300] "GET /images/payment-icon/cirrus.png HTTP/1.1" 304 - "http://localhost/app_dev.php/login" "Mozilla/5.0 (Windows NT 10.0; WOW64; rv:46.0) Gecko/20100101 Firefox/46.0"
::1 - - [15/May/2016:18:46:50 -0300] "GET /images/payment-icon/paypal.png HTTP/1.1" 304 - "http://localhost/app_dev.php/login" "Mozilla/5.0 (Windows NT 10.0; WOW64; rv:46.0) Gecko/20100101 Firefox/46.0"
::1 - - [15/May/2016:18:46:50 -0300] "GET /images/payment-icon/visa.png HTTP/1.1" 304 - "http://localhost/app_dev.php/login" "Mozilla/5.0 (Windows NT 10.0; WOW64; rv:46.0) Gecko/20100101 Firefox/46.0"
::1 - - [15/May/2016:18:46:50 -0300] "GET /images/payment-icon/mastercard.png HTTP/1.1" 304 - "http://localhost/app_dev.php/login" "Mozilla/5.0 (Windows NT 10.0; WOW64; rv:46.0) Gecko/20100101 Firefox/46.0"
::1 - - [15/May/2016:18:46:50 -0300] "GET /images/payment-icon/americanexpress.png HTTP/1.1" 304 - "http://localhost/app_dev.php/login" "Mozilla/5.0 (Windows NT 10.0; WOW64; rv:46.0) Gecko/20100101 Firefox/46.0"
::1 - - [15/May/2016:18:46:50 -0300] "GET /bundles/app/images/loadinfo.gif HTTP/1.1" 304 - "http://localhost/app_dev.php/css/929f201_part_1.css" "Mozilla/5.0 (Windows NT 10.0; WOW64; rv:46.0) Gecko/20100101 Firefox/46.0"
::1 - - [15/May/2016:18:47:30 -0300] "GET /app_dev.php/login HTTP/1.1" 500 174937 "-" "Mozilla/5.0 (Windows NT 10.0; WOW64; rv:46.0) Gecko/20100101 Firefox/46.0"
::1 - - [15/May/2016:18:47:33 -0300] "GET /bundles/app/css/frontend/bootstrap.min.css HTTP/1.1" 304 - "http://localhost/app_dev.php/login" "Mozilla/5.0 (Windows NT 10.0; WOW64; rv:46.0) Gecko/20100101 Firefox/46.0"
::1 - - [15/May/2016:18:47:33 -0300] "GET /assets/css/font-awesome.min.css HTTP/1.1" 304 - "http://localhost/app_dev.php/login" "Mozilla/5.0 (Windows NT 10.0; WOW64; rv:46.0) Gecko/20100101 Firefox/46.0"
::1 - - [15/May/2016:18:47:33 -0300] "GET /assets/js/plugins/modernizr/modernizr.js HTTP/1.1" 304 - "http://localhost/app_dev.php/login" "Mozilla/5.0 (Windows NT 10.0; WOW64; rv:46.0) Gecko/20100101 Firefox/46.0"
::1 - - [15/May/2016:18:47:33 -0300] "GET /bundles/framework/css/structure.css HTTP/1.1" 304 - "http://localhost/app_dev.php/login" "Mozilla/5.0 (Windows NT 10.0; WOW64; rv:46.0) Gecko/20100101 Firefox/46.0"
::1 - - [15/May/2016:18:47:33 -0300] "GET /bundles/framework/css/exception.css HTTP/1.1" 304 - "http://localhost/app_dev.php/login" "Mozilla/5.0 (Windows NT 10.0; WOW64; rv:46.0) Gecko/20100101 Firefox/46.0"
::1 - - [15/May/2016:18:47:33 -0300] "GET /bundles/framework/css/body.css HTTP/1.1" 304 - "http://localhost/app_dev.php/login" "Mozilla/5.0 (Windows NT 10.0; WOW64; rv:46.0) Gecko/20100101 Firefox/46.0"
::1 - - [15/May/2016:18:47:33 -0300] "GET /app_dev.php/css/929f201_part_1.css HTTP/1.1" 304 - "http://localhost/app_dev.php/login" "Mozilla/5.0 (Windows NT 10.0; WOW64; rv:46.0) Gecko/20100101 Firefox/46.0"
::1 - - [15/May/2016:18:47:33 -0300] "GET /app_dev.php/js/routing?callback=fos.Router.setData HTTP/1.1" 200 920 "http://localhost/app_dev.php/login" "Mozilla/5.0 (Windows NT 10.0; WOW64; rv:46.0) Gecko/20100101 Firefox/46.0"
::1 - - [15/May/2016:18:47:33 -0300] "GET /app_dev.php/js/1e643b1_part_1.js HTTP/1.1" 304 - "http://localhost/app_dev.php/login" "Mozilla/5.0 (Windows NT 10.0; WOW64; rv:46.0) Gecko/20100101 Firefox/46.0"
::1 - - [15/May/2016:18:47:38 -0300] "GET /images/wnfried_logo_frontend.png HTTP/1.1" 304 - "http://localhost/app_dev.php/login" "Mozilla/5.0 (Windows NT 10.0; WOW64; rv:46.0) Gecko/20100101 Firefox/46.0"
::1 - - [15/May/2016:18:47:38 -0300] "GET /app_dev.php/_wdt/d71868 HTTP/1.1" 500 - "http://localhost/app_dev.php/login" "Mozilla/5.0 (Windows NT 10.0; WOW64; rv:46.0) Gecko/20100101 Firefox/46.0"
::1 - - [15/May/2016:18:47:42 -0300] "GET /app_dev.php/_profiler/d71868 HTTP/1.1" 500 5601 "http://localhost/app_dev.php/login" "Mozilla/5.0 (Windows NT 10.0; WOW64; rv:46.0) Gecko/20100101 Firefox/46.0"
::1 - - [15/May/2016:18:48:06 -0300] "GET /app_dev.php/_profiler/d71868 HTTP/1.1" 500 5601 "http://localhost/app_dev.php/login" "Mozilla/5.0 (Windows NT 10.0; WOW64; rv:46.0) Gecko/20100101 Firefox/46.0"
::1 - - [15/May/2016:18:48:29 -0300] "GET /app_dev.php/_profiler/d71868 HTTP/1.1" 500 5621 "http://localhost/app_dev.php/login" "Mozilla/5.0 (Windows NT 10.0; WOW64; rv:46.0) Gecko/20100101 Firefox/46.0"
::1 - - [15/May/2016:18:48:44 -0300] "GET /app_dev.php/_profiler/d71868 HTTP/1.1" 500 5621 "http://localhost/app_dev.php/login" "Mozilla/5.0 (Windows NT 10.0; WOW64; rv:46.0) Gecko/20100101 Firefox/46.0"
::1 - - [15/May/2016:18:48:57 -0300] "GET /app_dev.php/_profiler/d71868 HTTP/1.1" 500 5621 "http://localhost/app_dev.php/login" "Mozilla/5.0 (Windows NT 10.0; WOW64; rv:46.0) Gecko/20100101 Firefox/46.0"
::1 - - [15/May/2016:18:49:39 -0300] "GET /app_dev.php/_profiler/d71868 HTTP/1.1" 500 5602 "http://localhost/app_dev.php/login" "Mozilla/5.0 (Windows NT 10.0; WOW64; rv:46.0) Gecko/20100101 Firefox/46.0"
::1 - - [15/May/2016:18:50:19 -0300] "GET /app_dev.php/ HTTP/1.1" 200 677832 "-" "Mozilla/5.0 (Windows NT 10.0; WOW64; rv:46.0) Gecko/20100101 Firefox/46.0"
::1 - - [15/May/2016:18:50:25 -0300] "GET /bundles/app/css/frontend/bootstrap.min.css HTTP/1.1" 304 - "http://localhost/app_dev.php/" "Mozilla/5.0 (Windows NT 10.0; WOW64; rv:46.0) Gecko/20100101 Firefox/46.0"
::1 - - [15/May/2016:18:50:25 -0300] "GET /app_dev.php/js/1e643b1_part_1.js HTTP/1.1" 304 - "http://localhost/app_dev.php/" "Mozilla/5.0 (Windows NT 10.0; WOW64; rv:46.0) Gecko/20100101 Firefox/46.0"
::1 - - [15/May/2016:18:50:25 -0300] "GET /app_dev.php/js/routing?callback=fos.Router.setData HTTP/1.1" 200 920 "http://localhost/app_dev.php/" "Mozilla/5.0 (Windows NT 10.0; WOW64; rv:46.0) Gecko/20100101 Firefox/46.0"
::1 - - [15/May/2016:18:50:25 -0300] "GET /app_dev.php/css/929f201_part_1.css HTTP/1.1" 304 - "http://localhost/app_dev.php/" "Mozilla/5.0 (Windows NT 10.0; WOW64; rv:46.0) Gecko/20100101 Firefox/46.0"
::1 - - [15/May/2016:18:50:48 -0300] "GET /app_dev.php/ HTTP/1.1" 200 677832 "-" "Mozilla/5.0 (Windows NT 10.0; WOW64; rv:46.0) Gecko/20100101 Firefox/46.0"
::1 - - [15/May/2016:18:50:50 -0300] "GET /bundles/app/css/frontend/bootstrap.min.css HTTP/1.1" 304 - "http://localhost/app_dev.php/" "Mozilla/5.0 (Windows NT 10.0; WOW64; rv:46.0) Gecko/20100101 Firefox/46.0"
::1 - - [15/May/2016:18:50:50 -0300] "GET /assets/css/font-awesome.min.css HTTP/1.1" 304 - "http://localhost/app_dev.php/" "Mozilla/5.0 (Windows NT 10.0; WOW64; rv:46.0) Gecko/20100101 Firefox/46.0"
::1 - - [15/May/2016:18:50:50 -0300] "GET /assets/js/plugins/modernizr/modernizr.js HTTP/1.1" 304 - "http://localhost/app_dev.php/" "Mozilla/5.0 (Windows NT 10.0; WOW64; rv:46.0) Gecko/20100101 Firefox/46.0"
::1 - - [15/May/2016:18:50:50 -0300] "GET /app_dev.php/js/1e643b1_part_1.js HTTP/1.1" 304 - "http://localhost/app_dev.php/" "Mozilla/5.0 (Windows NT 10.0; WOW64; rv:46.0) Gecko/20100101 Firefox/46.0"
::1 - - [15/May/2016:18:50:50 -0300] "GET /app_dev.php/css/929f201_part_1.css HTTP/1.1" 304 - "http://localhost/app_dev.php/" "Mozilla/5.0 (Windows NT 10.0; WOW64; rv:46.0) Gecko/20100101 Firefox/46.0"
::1 - - [15/May/2016:18:50:50 -0300] "GET /app_dev.php/js/routing?callback=fos.Router.setData HTTP/1.1" 200 920 "http://localhost/app_dev.php/" "Mozilla/5.0 (Windows NT 10.0; WOW64; rv:46.0) Gecko/20100101 Firefox/46.0"
::1 - - [15/May/2016:18:50:55 -0300] "GET /images/wnfried_logo_frontend.png HTTP/1.1" 304 - "http://localhost/app_dev.php/" "Mozilla/5.0 (Windows NT 10.0; WOW64; rv:46.0) Gecko/20100101 Firefox/46.0"
::1 - - [15/May/2016:18:51:27 -0300] "GET /app_dev.php/ HTTP/1.1" 500 296894 "-" "Mozilla/5.0 (Windows NT 10.0; WOW64; rv:46.0) Gecko/20100101 Firefox/46.0"
::1 - - [15/May/2016:18:51:30 -0300] "GET /bundles/framework/css/structure.css HTTP/1.1" 304 - "http://localhost/app_dev.php/" "Mozilla/5.0 (Windows NT 10.0; WOW64; rv:46.0) Gecko/20100101 Firefox/46.0"
::1 - - [15/May/2016:18:51:30 -0300] "GET /bundles/framework/css/body.css HTTP/1.1" 304 - "http://localhost/app_dev.php/" "Mozilla/5.0 (Windows NT 10.0; WOW64; rv:46.0) Gecko/20100101 Firefox/46.0"
::1 - - [15/May/2016:18:51:30 -0300] "GET /bundles/framework/css/exception.css HTTP/1.1" 304 - "http://localhost/app_dev.php/" "Mozilla/5.0 (Windows NT 10.0; WOW64; rv:46.0) Gecko/20100101 Firefox/46.0"
::1 - - [15/May/2016:18:51:30 -0300] "GET /app_dev.php/_wdt/38963a HTTP/1.1" 200 37195 "http://localhost/app_dev.php/" "Mozilla/5.0 (Windows NT 10.0; WOW64; rv:46.0) Gecko/20100101 Firefox/46.0"
::1 - - [15/May/2016:18:52:40 -0300] "GET /app_dev.php/ HTTP/1.1" 500 296360 "-" "Mozilla/5.0 (Windows NT 10.0; WOW64; rv:46.0) Gecko/20100101 Firefox/46.0"
::1 - - [15/May/2016:18:52:44 -0300] "GET /bundles/framework/css/structure.css HTTP/1.1" 304 - "http://localhost/app_dev.php/" "Mozilla/5.0 (Windows NT 10.0; WOW64; rv:46.0) Gecko/20100101 Firefox/46.0"
::1 - - [15/May/2016:18:52:44 -0300] "GET /bundles/framework/css/body.css HTTP/1.1" 304 - "http://localhost/app_dev.php/" "Mozilla/5.0 (Windows NT 10.0; WOW64; rv:46.0) Gecko/20100101 Firefox/46.0"
::1 - - [15/May/2016:18:52:44 -0300] "GET /bundles/framework/css/exception.css HTTP/1.1" 304 - "http://localhost/app_dev.php/" "Mozilla/5.0 (Windows NT 10.0; WOW64; rv:46.0) Gecko/20100101 Firefox/46.0"
::1 - - [15/May/2016:18:52:44 -0300] "GET /app_dev.php/_wdt/527962 HTTP/1.1" 200 37195 "http://localhost/app_dev.php/" "Mozilla/5.0 (Windows NT 10.0; WOW64; rv:46.0) Gecko/20100101 Firefox/46.0"
::1 - - [15/May/2016:18:53:41 -0300] "GET /app_dev.php/ HTTP/1.1" 200 677832 "-" "Mozilla/5.0 (Windows NT 10.0; WOW64; rv:46.0) Gecko/20100101 Firefox/46.0"
::1 - - [15/May/2016:18:53:43 -0300] "GET /bundles/app/css/frontend/bootstrap.min.css HTTP/1.1" 304 - "http://localhost/app_dev.php/" "Mozilla/5.0 (Windows NT 10.0; WOW64; rv:46.0) Gecko/20100101 Firefox/46.0"
::1 - - [15/May/2016:18:53:43 -0300] "GET /assets/css/font-awesome.min.css HTTP/1.1" 304 - "http://localhost/app_dev.php/" "Mozilla/5.0 (Windows NT 10.0; WOW64; rv:46.0) Gecko/20100101 Firefox/46.0"
::1 - - [15/May/2016:18:53:43 -0300] "GET /assets/js/plugins/modernizr/modernizr.js HTTP/1.1" 304 - "http://localhost/app_dev.php/" "Mozilla/5.0 (Windows NT 10.0; WOW64; rv:46.0) Gecko/20100101 Firefox/46.0"
::1 - - [15/May/2016:18:53:43 -0300] "GET /app_dev.php/js/routing?callback=fos.Router.setData HTTP/1.1" 200 920 "http://localhost/app_dev.php/" "Mozilla/5.0 (Windows NT 10.0; WOW64; rv:46.0) Gecko/20100101 Firefox/46.0"
::1 - - [15/May/2016:18:53:43 -0300] "GET /app_dev.php/css/929f201_part_1.css HTTP/1.1" 304 - "http://localhost/app_dev.php/" "Mozilla/5.0 (Windows NT 10.0; WOW64; rv:46.0) Gecko/20100101 Firefox/46.0"
::1 - - [15/May/2016:18:53:43 -0300] "GET /app_dev.php/js/1e643b1_part_1.js HTTP/1.1" 304 - "http://localhost/app_dev.php/" "Mozilla/5.0 (Windows NT 10.0; WOW64; rv:46.0) Gecko/20100101 Firefox/46.0"
::1 - - [15/May/2016:18:53:47 -0300] "GET /images/wnfried_logo_frontend.png HTTP/1.1" 304 - "http://localhost/app_dev.php/" "Mozilla/5.0 (Windows NT 10.0; WOW64; rv:46.0) Gecko/20100101 Firefox/46.0"
::1 - - [15/May/2016:18:53:47 -0300] "GET /assets/fonts/fontawesome-webfont.woff?v=4.1.0 HTTP/1.1" 304 - "http://localhost/assets/css/font-awesome.min.css" "Mozilla/5.0 (Windows NT 10.0; WOW64; rv:46.0) Gecko/20100101 Firefox/46.0"
::1 - - [15/May/2016:18:53:58 -0300] "GET /app_dev.php/ HTTP/1.1" 500 296052 "-" "Mozilla/5.0 (Windows NT 10.0; WOW64; rv:46.0) Gecko/20100101 Firefox/46.0"
::1 - - [15/May/2016:18:54:00 -0300] "GET /bundles/framework/css/structure.css HTTP/1.1" 304 - "http://localhost/app_dev.php/" "Mozilla/5.0 (Windows NT 10.0; WOW64; rv:46.0) Gecko/20100101 Firefox/46.0"
::1 - - [15/May/2016:18:54:00 -0300] "GET /bundles/framework/css/body.css HTTP/1.1" 304 - "http://localhost/app_dev.php/" "Mozilla/5.0 (Windows NT 10.0; WOW64; rv:46.0) Gecko/20100101 Firefox/46.0"
::1 - - [15/May/2016:18:54:00 -0300] "GET /bundles/framework/css/exception.css HTTP/1.1" 304 - "http://localhost/app_dev.php/" "Mozilla/5.0 (Windows NT 10.0; WOW64; rv:46.0) Gecko/20100101 Firefox/46.0"
::1 - - [15/May/2016:18:54:01 -0300] "GET /app_dev.php/_wdt/746489 HTTP/1.1" 200 37195 "http://localhost/app_dev.php/" "Mozilla/5.0 (Windows NT 10.0; WOW64; rv:46.0) Gecko/20100101 Firefox/46.0"
::1 - - [15/May/2016:18:54:15 -0300] "GET /app_dev.php/ HTTP/1.1" 200 677815 "-" "Mozilla/5.0 (Windows NT 10.0; WOW64; rv:46.0) Gecko/20100101 Firefox/46.0"
::1 - - [15/May/2016:18:54:18 -0300] "GET /bundles/app/css/frontend/bootstrap.min.css HTTP/1.1" 304 - "http://localhost/app_dev.php/" "Mozilla/5.0 (Windows NT 10.0; WOW64; rv:46.0) Gecko/20100101 Firefox/46.0"
::1 - - [15/May/2016:18:54:18 -0300] "GET /assets/css/font-awesome.min.css HTTP/1.1" 304 - "http://localhost/app_dev.php/" "Mozilla/5.0 (Windows NT 10.0; WOW64; rv:46.0) Gecko/20100101 Firefox/46.0"
::1 - - [15/May/2016:18:54:18 -0300] "GET /assets/js/plugins/modernizr/modernizr.js HTTP/1.1" 304 - "http://localhost/app_dev.php/" "Mozilla/5.0 (Windows NT 10.0; WOW64; rv:46.0) Gecko/20100101 Firefox/46.0"
::1 - - [15/May/2016:18:54:18 -0300] "GET /app_dev.php/css/929f201_part_1.css HTTP/1.1" 304 - "http://localhost/app_dev.php/" "Mozilla/5.0 (Windows NT 10.0; WOW64; rv:46.0) Gecko/20100101 Firefox/46.0"
::1 - - [15/May/2016:18:54:18 -0300] "GET /app_dev.php/js/1e643b1_part_1.js HTTP/1.1" 304 - "http://localhost/app_dev.php/" "Mozilla/5.0 (Windows NT 10.0; WOW64; rv:46.0) Gecko/20100101 Firefox/46.0"
::1 - - [15/May/2016:18:54:18 -0300] "GET /app_dev.php/js/routing?callback=fos.Router.setData HTTP/1.1" 200 920 "http://localhost/app_dev.php/" "Mozilla/5.0 (Windows NT 10.0; WOW64; rv:46.0) Gecko/20100101 Firefox/46.0"
::1 - - [15/May/2016:18:54:21 -0300] "GET /images/wnfried_logo_frontend.png HTTP/1.1" 304 - "http://localhost/app_dev.php/" "Mozilla/5.0 (Windows NT 10.0; WOW64; rv:46.0) Gecko/20100101 Firefox/46.0"
::1 - - [15/May/2016:18:54:52 -0300] "GET /app_dev.php/ HTTP/1.1" 200 678722 "-" "Mozilla/5.0 (Windows NT 10.0; WOW64; rv:46.0) Gecko/20100101 Firefox/46.0"
::1 - - [15/May/2016:18:54:54 -0300] "GET /bundles/app/css/frontend/bootstrap.min.css HTTP/1.1" 304 - "http://localhost/app_dev.php/" "Mozilla/5.0 (Windows NT 10.0; WOW64; rv:46.0) Gecko/20100101 Firefox/46.0"
::1 - - [15/May/2016:18:54:54 -0300] "GET /assets/css/font-awesome.min.css HTTP/1.1" 304 - "http://localhost/app_dev.php/" "Mozilla/5.0 (Windows NT 10.0; WOW64; rv:46.0) Gecko/20100101 Firefox/46.0"
::1 - - [15/May/2016:18:54:54 -0300] "GET /assets/js/plugins/modernizr/modernizr.js HTTP/1.1" 304 - "http://localhost/app_dev.php/" "Mozilla/5.0 (Windows NT 10.0; WOW64; rv:46.0) Gecko/20100101 Firefox/46.0"
::1 - - [15/May/2016:18:54:54 -0300] "GET /app_dev.php/js/routing?callback=fos.Router.setData HTTP/1.1" 200 920 "http://localhost/app_dev.php/" "Mozilla/5.0 (Windows NT 10.0; WOW64; rv:46.0) Gecko/20100101 Firefox/46.0"
::1 - - [15/May/2016:18:54:54 -0300] "GET /app_dev.php/js/1e643b1_part_1.js HTTP/1.1" 304 - "http://localhost/app_dev.php/" "Mozilla/5.0 (Windows NT 10.0; WOW64; rv:46.0) Gecko/20100101 Firefox/46.0"
::1 - - [15/May/2016:18:54:54 -0300] "GET /app_dev.php/css/929f201_part_1.css HTTP/1.1" 304 - "http://localhost/app_dev.php/" "Mozilla/5.0 (Windows NT 10.0; WOW64; rv:46.0) Gecko/20100101 Firefox/46.0"
::1 - - [15/May/2016:18:54:57 -0300] "GET /images/wnfried_logo_frontend.png HTTP/1.1" 304 - "http://localhost/app_dev.php/" "Mozilla/5.0 (Windows NT 10.0; WOW64; rv:46.0) Gecko/20100101 Firefox/46.0"
::1 - - [15/May/2016:18:55:42 -0300] "GET /app_dev.php/ HTTP/1.1" 500 296894 "-" "Mozilla/5.0 (Windows NT 10.0; WOW64; rv:46.0) Gecko/20100101 Firefox/46.0"
::1 - - [15/May/2016:18:55:45 -0300] "GET /bundles/framework/css/structure.css HTTP/1.1" 304 - "http://localhost/app_dev.php/" "Mozilla/5.0 (Windows NT 10.0; WOW64; rv:46.0) Gecko/20100101 Firefox/46.0"
::1 - - [15/May/2016:18:55:45 -0300] "GET /bundles/framework/css/body.css HTTP/1.1" 304 - "http://localhost/app_dev.php/" "Mozilla/5.0 (Windows NT 10.0; WOW64; rv:46.0) Gecko/20100101 Firefox/46.0"
::1 - - [15/May/2016:18:55:45 -0300] "GET /bundles/framework/css/exception.css HTTP/1.1" 304 - "http://localhost/app_dev.php/" "Mozilla/5.0 (Windows NT 10.0; WOW64; rv:46.0) Gecko/20100101 Firefox/46.0"
::1 - - [15/May/2016:18:55:45 -0300] "GET /app_dev.php/_wdt/a5ef6e HTTP/1.1" 200 37195 "http://localhost/app_dev.php/" "Mozilla/5.0 (Windows NT 10.0; WOW64; rv:46.0) Gecko/20100101 Firefox/46.0"
::1 - - [15/May/2016:18:57:48 -0300] "GET /app_dev.php/_profiler/a5ef6e?panel=translation HTTP/1.1" 200 75597 "http://localhost/app_dev.php/" "Mozilla/5.0 (Windows NT 10.0; WOW64; rv:46.0) Gecko/20100101 Firefox/46.0"
::1 - - [15/May/2016:18:57:52 -0300] "GET /app_dev.php/_profiler/a5ef6e?panel=logger HTTP/1.1" 200 162907 "http://localhost/app_dev.php/_profiler/a5ef6e?panel=translation" "Mozilla/5.0 (Windows NT 10.0; WOW64; rv:46.0) Gecko/20100101 Firefox/46.0"
::1 - - [15/May/2016:18:58:18 -0300] "GET /app_dev.php/_profiler/a5ef6e?panel=exception HTTP/1.1" 200 321366 "http://localhost/app_dev.php/_profiler/a5ef6e?panel=logger" "Mozilla/5.0 (Windows NT 10.0; WOW64; rv:46.0) Gecko/20100101 Firefox/46.0"
::1 - - [15/May/2016:18:58:19 -0300] "GET /app_dev.php/_profiler/a5ef6e?panel=exception HTTP/1.1" 200 321366 "http://localhost/app_dev.php/_profiler/a5ef6e?panel=logger" "Mozilla/5.0 (Windows NT 10.0; WOW64; rv:46.0) Gecko/20100101 Firefox/46.0"
::1 - - [15/May/2016:19:03:24 -0300] "GET /app_dev.php/ HTTP/1.1" 200 683948 "-" "Mozilla/5.0 (Windows NT 10.0; WOW64; rv:46.0) Gecko/20100101 Firefox/46.0"
::1 - - [15/May/2016:19:03:27 -0300] "GET /assets/css/font-awesome.min.css HTTP/1.1" 304 - "http://localhost/app_dev.php/" "Mozilla/5.0 (Windows NT 10.0; WOW64; rv:46.0) Gecko/20100101 Firefox/46.0"
::1 - - [15/May/2016:19:03:27 -0300] "GET /assets/js/plugins/modernizr/modernizr.js HTTP/1.1" 304 - "http://localhost/app_dev.php/" "Mozilla/5.0 (Windows NT 10.0; WOW64; rv:46.0) Gecko/20100101 Firefox/46.0"
::1 - - [15/May/2016:19:03:27 -0300] "GET /bundles/app/css/frontend/bootstrap.min.css HTTP/1.1" 304 - "http://localhost/app_dev.php/" "Mozilla/5.0 (Windows NT 10.0; WOW64; rv:46.0) Gecko/20100101 Firefox/46.0"
::1 - - [15/May/2016:19:03:27 -0300] "GET /app_dev.php/css/929f201_part_1.css HTTP/1.1" 304 - "http://localhost/app_dev.php/" "Mozilla/5.0 (Windows NT 10.0; WOW64; rv:46.0) Gecko/20100101 Firefox/46.0"
::1 - - [15/May/2016:19:03:27 -0300] "GET /app_dev.php/js/routing?callback=fos.Router.setData HTTP/1.1" 200 920 "http://localhost/app_dev.php/" "Mozilla/5.0 (Windows NT 10.0; WOW64; rv:46.0) Gecko/20100101 Firefox/46.0"
::1 - - [15/May/2016:19:03:27 -0300] "GET /app_dev.php/js/1e643b1_part_1.js HTTP/1.1" 304 - "http://localhost/app_dev.php/" "Mozilla/5.0 (Windows NT 10.0; WOW64; rv:46.0) Gecko/20100101 Firefox/46.0"
::1 - - [15/May/2016:19:03:30 -0300] "GET /images/wnfried_logo_frontend.png HTTP/1.1" 304 - "http://localhost/app_dev.php/" "Mozilla/5.0 (Windows NT 10.0; WOW64; rv:46.0) Gecko/20100101 Firefox/46.0"
::1 - - [15/May/2016:19:03:30 -0300] "GET /assets/fonts/fontawesome-webfont.woff?v=4.1.0 HTTP/1.1" 304 - "http://localhost/assets/css/font-awesome.min.css" "Mozilla/5.0 (Windows NT 10.0; WOW64; rv:46.0) Gecko/20100101 Firefox/46.0"
::1 - - [15/May/2016:19:04:35 -0300] "GET /app_dev.php/ HTTP/1.1" 500 296974 "-" "Mozilla/5.0 (Windows NT 10.0; WOW64; rv:46.0) Gecko/20100101 Firefox/46.0"
::1 - - [15/May/2016:19:04:38 -0300] "GET /bundles/framework/css/body.css HTTP/1.1" 304 - "http://localhost/app_dev.php/" "Mozilla/5.0 (Windows NT 10.0; WOW64; rv:46.0) Gecko/20100101 Firefox/46.0"
::1 - - [15/May/2016:19:04:38 -0300] "GET /bundles/framework/css/structure.css HTTP/1.1" 304 - "http://localhost/app_dev.php/" "Mozilla/5.0 (Windows NT 10.0; WOW64; rv:46.0) Gecko/20100101 Firefox/46.0"
::1 - - [15/May/2016:19:04:38 -0300] "GET /bundles/framework/css/exception.css HTTP/1.1" 304 - "http://localhost/app_dev.php/" "Mozilla/5.0 (Windows NT 10.0; WOW64; rv:46.0) Gecko/20100101 Firefox/46.0"
::1 - - [15/May/2016:19:04:38 -0300] "GET /app_dev.php/_wdt/dea4af HTTP/1.1" 200 37195 "http://localhost/app_dev.php/" "Mozilla/5.0 (Windows NT 10.0; WOW64; rv:46.0) Gecko/20100101 Firefox/46.0"
::1 - - [15/May/2016:19:05:09 -0300] "GET /bundles/framework/css/structure.css HTTP/1.1" 304 - "http://localhost/app_dev.php/" "Mozilla/5.0 (Windows NT 10.0; WOW64; rv:46.0) Gecko/20100101 Firefox/46.0"
::1 - - [15/May/2016:19:05:06 -0300] "GET /app_dev.php/ HTTP/1.1" 500 296896 "-" "Mozilla/5.0 (Windows NT 10.0; WOW64; rv:46.0) Gecko/20100101 Firefox/46.0"
::1 - - [15/May/2016:19:05:09 -0300] "GET /bundles/framework/css/body.css HTTP/1.1" 304 - "http://localhost/app_dev.php/" "Mozilla/5.0 (Windows NT 10.0; WOW64; rv:46.0) Gecko/20100101 Firefox/46.0"
::1 - - [15/May/2016:19:05:09 -0300] "GET /bundles/framework/css/exception.css HTTP/1.1" 304 - "http://localhost/app_dev.php/" "Mozilla/5.0 (Windows NT 10.0; WOW64; rv:46.0) Gecko/20100101 Firefox/46.0"
::1 - - [15/May/2016:19:05:09 -0300] "GET /app_dev.php/_wdt/a7fd5c HTTP/1.1" 200 37195 "http://localhost/app_dev.php/" "Mozilla/5.0 (Windows NT 10.0; WOW64; rv:46.0) Gecko/20100101 Firefox/46.0"
::1 - - [15/May/2016:19:06:00 -0300] "GET /app_dev.php/ HTTP/1.1" 200 1354384 "-" "Mozilla/5.0 (Windows NT 10.0; WOW64; rv:46.0) Gecko/20100101 Firefox/46.0"
::1 - - [15/May/2016:19:06:02 -0300] "GET /bundles/app/css/frontend/bootstrap.min.css HTTP/1.1" 304 - "http://localhost/app_dev.php/" "Mozilla/5.0 (Windows NT 10.0; WOW64; rv:46.0) Gecko/20100101 Firefox/46.0"
::1 - - [15/May/2016:19:06:02 -0300] "GET /assets/css/font-awesome.min.css HTTP/1.1" 304 - "http://localhost/app_dev.php/" "Mozilla/5.0 (Windows NT 10.0; WOW64; rv:46.0) Gecko/20100101 Firefox/46.0"
::1 - - [15/May/2016:19:06:02 -0300] "GET /assets/js/plugins/modernizr/modernizr.js HTTP/1.1" 304 - "http://localhost/app_dev.php/" "Mozilla/5.0 (Windows NT 10.0; WOW64; rv:46.0) Gecko/20100101 Firefox/46.0"
::1 - - [15/May/2016:19:06:02 -0300] "GET /app_dev.php/css/929f201_part_1.css HTTP/1.1" 304 - "http://localhost/app_dev.php/" "Mozilla/5.0 (Windows NT 10.0; WOW64; rv:46.0) Gecko/20100101 Firefox/46.0"
::1 - - [15/May/2016:19:06:02 -0300] "GET /app_dev.php/js/routing?callback=fos.Router.setData HTTP/1.1" 200 920 "http://localhost/app_dev.php/" "Mozilla/5.0 (Windows NT 10.0; WOW64; rv:46.0) Gecko/20100101 Firefox/46.0"
::1 - - [15/May/2016:19:06:02 -0300] "GET /app_dev.php/js/1e643b1_part_1.js HTTP/1.1" 304 - "http://localhost/app_dev.php/" "Mozilla/5.0 (Windows NT 10.0; WOW64; rv:46.0) Gecko/20100101 Firefox/46.0"
::1 - - [15/May/2016:19:06:06 -0300] "GET /images/wnfried_logo_frontend.png HTTP/1.1" 304 - "http://localhost/app_dev.php/" "Mozilla/5.0 (Windows NT 10.0; WOW64; rv:46.0) Gecko/20100101 Firefox/46.0"
::1 - - [15/May/2016:19:06:06 -0300] "GET /assets/fonts/fontawesome-webfont.woff?v=4.1.0 HTTP/1.1" 304 - "http://localhost/assets/css/font-awesome.min.css" "Mozilla/5.0 (Windows NT 10.0; WOW64; rv:46.0) Gecko/20100101 Firefox/46.0"
::1 - - [15/May/2016:19:07:59 -0300] "GET /app_dev.php/ HTTP/1.1" 200 683948 "-" "Mozilla/5.0 (Windows NT 10.0; WOW64; rv:46.0) Gecko/20100101 Firefox/46.0"
::1 - - [15/May/2016:19:08:01 -0300] "GET /bundles/app/css/frontend/bootstrap.min.css HTTP/1.1" 304 - "http://localhost/app_dev.php/" "Mozilla/5.0 (Windows NT 10.0; WOW64; rv:46.0) Gecko/20100101 Firefox/46.0"
::1 - - [15/May/2016:19:08:01 -0300] "GET /assets/css/font-awesome.min.css HTTP/1.1" 304 - "http://localhost/app_dev.php/" "Mozilla/5.0 (Windows NT 10.0; WOW64; rv:46.0) Gecko/20100101 Firefox/46.0"
::1 - - [15/May/2016:19:08:01 -0300] "GET /assets/js/plugins/modernizr/modernizr.js HTTP/1.1" 304 - "http://localhost/app_dev.php/" "Mozilla/5.0 (Windows NT 10.0; WOW64; rv:46.0) Gecko/20100101 Firefox/46.0"
::1 - - [15/May/2016:19:08:01 -0300] "GET /app_dev.php/js/1e643b1_part_1.js HTTP/1.1" 304 - "http://localhost/app_dev.php/" "Mozilla/5.0 (Windows NT 10.0; WOW64; rv:46.0) Gecko/20100101 Firefox/46.0"
::1 - - [15/May/2016:19:08:01 -0300] "GET /app_dev.php/css/929f201_part_1.css HTTP/1.1" 304 - "http://localhost/app_dev.php/" "Mozilla/5.0 (Windows NT 10.0; WOW64; rv:46.0) Gecko/20100101 Firefox/46.0"
::1 - - [15/May/2016:19:08:01 -0300] "GET /app_dev.php/js/routing?callback=fos.Router.setData HTTP/1.1" 200 920 "http://localhost/app_dev.php/" "Mozilla/5.0 (Windows NT 10.0; WOW64; rv:46.0) Gecko/20100101 Firefox/46.0"
::1 - - [15/May/2016:19:08:05 -0300] "GET /images/wnfried_logo_frontend.png HTTP/1.1" 304 - "http://localhost/app_dev.php/" "Mozilla/5.0 (Windows NT 10.0; WOW64; rv:46.0) Gecko/20100101 Firefox/46.0"
::1 - - [15/May/2016:19:08:18 -0300] "GET /bundles/app/css/frontend/bootstrap.min.css HTTP/1.1" 304 - "http://localhost/app_dev.php/" "Mozilla/5.0 (Windows NT 10.0; WOW64; rv:46.0) Gecko/20100101 Firefox/46.0"
::1 - - [15/May/2016:19:08:18 -0300] "GET /assets/css/font-awesome.min.css HTTP/1.1" 304 - "http://localhost/app_dev.php/" "Mozilla/5.0 (Windows NT 10.0; WOW64; rv:46.0) Gecko/20100101 Firefox/46.0"
::1 - - [15/May/2016:19:08:18 -0300] "GET /assets/js/plugins/modernizr/modernizr.js HTTP/1.1" 304 - "http://localhost/app_dev.php/" "Mozilla/5.0 (Windows NT 10.0; WOW64; rv:46.0) Gecko/20100101 Firefox/46.0"
::1 - - [15/May/2016:19:08:18 -0300] "GET /bundles/rbsoftabmgenerador/fileupload//js/fileinput.min.js HTTP/1.1" 304 - "http://localhost/app_dev.php/" "Mozilla/5.0 (Windows NT 10.0; WOW64; rv:46.0) Gecko/20100101 Firefox/46.0"
::1 - - [15/May/2016:19:08:15 -0300] "GET /app_dev.php/ HTTP/1.1" 200 709095 "-" "Mozilla/5.0 (Windows NT 10.0; WOW64; rv:46.0) Gecko/20100101 Firefox/46.0"
::1 - - [15/May/2016:19:08:18 -0300] "GET /app_dev.php/css/929f201_part_1.css HTTP/1.1" 304 - "http://localhost/app_dev.php/" "Mozilla/5.0 (Windows NT 10.0; WOW64; rv:46.0) Gecko/20100101 Firefox/46.0"
::1 - - [15/May/2016:19:08:18 -0300] "GET /app_dev.php/js/57ea7aa_part_1.js HTTP/1.1" 304 - "http://localhost/app_dev.php/" "Mozilla/5.0 (Windows NT 10.0; WOW64; rv:46.0) Gecko/20100101 Firefox/46.0"
::1 - - [15/May/2016:19:08:18 -0300] "GET /app_dev.php/js/1e643b1_part_1.js HTTP/1.1" 304 - "http://localhost/app_dev.php/" "Mozilla/5.0 (Windows NT 10.0; WOW64; rv:46.0) Gecko/20100101 Firefox/46.0"
::1 - - [15/May/2016:19:08:18 -0300] "GET /app_dev.php/js/routing?callback=fos.Router.setData HTTP/1.1" 200 920 "http://localhost/app_dev.php/" "Mozilla/5.0 (Windows NT 10.0; WOW64; rv:46.0) Gecko/20100101 Firefox/46.0"
::1 - - [15/May/2016:19:08:22 -0300] "GET /images/payment-icon/paypal.png HTTP/1.1" 304 - "http://localhost/app_dev.php/" "Mozilla/5.0 (Windows NT 10.0; WOW64; rv:46.0) Gecko/20100101 Firefox/46.0"
::1 - - [15/May/2016:19:08:22 -0300] "GET /images/payment-icon/mastercard.png HTTP/1.1" 304 - "http://localhost/app_dev.php/" "Mozilla/5.0 (Windows NT 10.0; WOW64; rv:46.0) Gecko/20100101 Firefox/46.0"
::1 - - [15/May/2016:19:08:22 -0300] "GET /images/payment-icon/cirrus.png HTTP/1.1" 304 - "http://localhost/app_dev.php/" "Mozilla/5.0 (Windows NT 10.0; WOW64; rv:46.0) Gecko/20100101 Firefox/46.0"
::1 - - [15/May/2016:19:08:22 -0300] "GET /images/payment-icon/visa.png HTTP/1.1" 304 - "http://localhost/app_dev.php/" "Mozilla/5.0 (Windows NT 10.0; WOW64; rv:46.0) Gecko/20100101 Firefox/46.0"
::1 - - [15/May/2016:19:08:22 -0300] "GET /images/payment-icon/americanexpress.png HTTP/1.1" 304 - "http://localhost/app_dev.php/" "Mozilla/5.0 (Windows NT 10.0; WOW64; rv:46.0) Gecko/20100101 Firefox/46.0"
::1 - - [15/May/2016:19:08:22 -0300] "GET /images/wnfried_logo_frontend.png HTTP/1.1" 304 - "http://localhost/app_dev.php/" "Mozilla/5.0 (Windows NT 10.0; WOW64; rv:46.0) Gecko/20100101 Firefox/46.0"
::1 - - [15/May/2016:19:08:22 -0300] "GET /bundles/app/images/loadinfo.gif HTTP/1.1" 304 - "http://localhost/app_dev.php/css/929f201_part_1.css" "Mozilla/5.0 (Windows NT 10.0; WOW64; rv:46.0) Gecko/20100101 Firefox/46.0"
::1 - - [15/May/2016:19:08:22 -0300] "GET /app_dev.php/_wdt/59c33a HTTP/1.1" 200 37182 "http://localhost/app_dev.php/" "Mozilla/5.0 (Windows NT 10.0; WOW64; rv:46.0) Gecko/20100101 Firefox/46.0"
::1 - - [15/May/2016:19:12:34 -0300] "GET /bundles/app/css/frontend/bootstrap.min.css HTTP/1.1" 304 - "http://localhost/app_dev.php/" "Mozilla/5.0 (Windows NT 10.0; WOW64; rv:46.0) Gecko/20100101 Firefox/46.0"
::1 - - [15/May/2016:19:12:34 -0300] "GET /assets/css/font-awesome.min.css HTTP/1.1" 304 - "http://localhost/app_dev.php/" "Mozilla/5.0 (Windows NT 10.0; WOW64; rv:46.0) Gecko/20100101 Firefox/46.0"
::1 - - [15/May/2016:19:12:34 -0300] "GET /assets/js/plugins/modernizr/modernizr.js HTTP/1.1" 304 - "http://localhost/app_dev.php/" "Mozilla/5.0 (Windows NT 10.0; WOW64; rv:46.0) Gecko/20100101 Firefox/46.0"
::1 - - [15/May/2016:19:12:34 -0300] "GET /bundles/rbsoftabmgenerador/fileupload//js/fileinput.min.js HTTP/1.1" 304 - "http://localhost/app_dev.php/" "Mozilla/5.0 (Windows NT 10.0; WOW64; rv:46.0) Gecko/20100101 Firefox/46.0"
::1 - - [15/May/2016:19:12:32 -0300] "GET /app_dev.php/ HTTP/1.1" 200 31825 "-" "Mozilla/5.0 (Windows NT 10.0; WOW64; rv:46.0) Gecko/20100101 Firefox/46.0"
::1 - - [15/May/2016:19:12:34 -0300] "GET /app_dev.php/js/57ea7aa_part_1.js HTTP/1.1" 304 - "http://localhost/app_dev.php/" "Mozilla/5.0 (Windows NT 10.0; WOW64; rv:46.0) Gecko/20100101 Firefox/46.0"
::1 - - [15/May/2016:19:12:34 -0300] "GET /app_dev.php/js/1e643b1_part_1.js HTTP/1.1" 304 - "http://localhost/app_dev.php/" "Mozilla/5.0 (Windows NT 10.0; WOW64; rv:46.0) Gecko/20100101 Firefox/46.0"
::1 - - [15/May/2016:19:12:34 -0300] "GET /app_dev.php/css/929f201_part_1.css HTTP/1.1" 304 - "http://localhost/app_dev.php/" "Mozilla/5.0 (Windows NT 10.0; WOW64; rv:46.0) Gecko/20100101 Firefox/46.0"
::1 - - [15/May/2016:19:12:34 -0300] "GET /app_dev.php/js/routing?callback=fos.Router.setData HTTP/1.1" 200 920 "http://localhost/app_dev.php/" "Mozilla/5.0 (Windows NT 10.0; WOW64; rv:46.0) Gecko/20100101 Firefox/46.0"
::1 - - [15/May/2016:19:12:37 -0300] "GET /images/wnfried_logo_frontend.png HTTP/1.1" 304 - "http://localhost/app_dev.php/" "Mozilla/5.0 (Windows NT 10.0; WOW64; rv:46.0) Gecko/20100101 Firefox/46.0"
::1 - - [15/May/2016:19:12:37 -0300] "GET /images/payment-icon/cirrus.png HTTP/1.1" 304 - "http://localhost/app_dev.php/" "Mozilla/5.0 (Windows NT 10.0; WOW64; rv:46.0) Gecko/20100101 Firefox/46.0"
::1 - - [15/May/2016:19:12:37 -0300] "GET /images/payment-icon/paypal.png HTTP/1.1" 304 - "http://localhost/app_dev.php/" "Mozilla/5.0 (Windows NT 10.0; WOW64; rv:46.0) Gecko/20100101 Firefox/46.0"
::1 - - [15/May/2016:19:12:37 -0300] "GET /images/payment-icon/visa.png HTTP/1.1" 304 - "http://localhost/app_dev.php/" "Mozilla/5.0 (Windows NT 10.0; WOW64; rv:46.0) Gecko/20100101 Firefox/46.0"
::1 - - [15/May/2016:19:12:37 -0300] "GET /images/payment-icon/mastercard.png HTTP/1.1" 304 - "http://localhost/app_dev.php/" "Mozilla/5.0 (Windows NT 10.0; WOW64; rv:46.0) Gecko/20100101 Firefox/46.0"
::1 - - [15/May/2016:19:12:37 -0300] "GET /images/payment-icon/americanexpress.png HTTP/1.1" 304 - "http://localhost/app_dev.php/" "Mozilla/5.0 (Windows NT 10.0; WOW64; rv:46.0) Gecko/20100101 Firefox/46.0"
::1 - - [15/May/2016:19:12:37 -0300] "GET /bundles/app/images/loadinfo.gif HTTP/1.1" 304 - "http://localhost/app_dev.php/css/929f201_part_1.css" "Mozilla/5.0 (Windows NT 10.0; WOW64; rv:46.0) Gecko/20100101 Firefox/46.0"
::1 - - [15/May/2016:19:12:37 -0300] "GET /app_dev.php/_wdt/321595 HTTP/1.1" 200 37178 "http://localhost/app_dev.php/" "Mozilla/5.0 (Windows NT 10.0; WOW64; rv:46.0) Gecko/20100101 Firefox/46.0"
::1 - - [15/May/2016:19:12:41 -0300] "GET /bundles/app/css/frontend/bootstrap.min.css HTTP/1.1" 304 - "http://localhost/app_dev.php/" "Mozilla/5.0 (Windows NT 10.0; WOW64; rv:46.0) Gecko/20100101 Firefox/46.0"
::1 - - [15/May/2016:19:12:41 -0300] "GET /assets/css/font-awesome.min.css HTTP/1.1" 304 - "http://localhost/app_dev.php/" "Mozilla/5.0 (Windows NT 10.0; WOW64; rv:46.0) Gecko/20100101 Firefox/46.0"
::1 - - [15/May/2016:19:12:41 -0300] "GET /assets/js/plugins/modernizr/modernizr.js HTTP/1.1" 304 - "http://localhost/app_dev.php/" "Mozilla/5.0 (Windows NT 10.0; WOW64; rv:46.0) Gecko/20100101 Firefox/46.0"
::1 - - [15/May/2016:19:12:41 -0300] "GET /bundles/rbsoftabmgenerador/fileupload//js/fileinput.min.js HTTP/1.1" 304 - "http://localhost/app_dev.php/" "Mozilla/5.0 (Windows NT 10.0; WOW64; rv:46.0) Gecko/20100101 Firefox/46.0"
::1 - - [15/May/2016:19:12:40 -0300] "GET /app_dev.php/ HTTP/1.1" 200 31825 "-" "Mozilla/5.0 (Windows NT 10.0; WOW64; rv:46.0) Gecko/20100101 Firefox/46.0"
::1 - - [15/May/2016:19:12:41 -0300] "GET /app_dev.php/js/57ea7aa_part_1.js HTTP/1.1" 304 - "http://localhost/app_dev.php/" "Mozilla/5.0 (Windows NT 10.0; WOW64; rv:46.0) Gecko/20100101 Firefox/46.0"
::1 - - [15/May/2016:19:12:41 -0300] "GET /app_dev.php/css/929f201_part_1.css HTTP/1.1" 304 - "http://localhost/app_dev.php/" "Mozilla/5.0 (Windows NT 10.0; WOW64; rv:46.0) Gecko/20100101 Firefox/46.0"
::1 - - [15/May/2016:19:12:41 -0300] "GET /app_dev.php/js/1e643b1_part_1.js HTTP/1.1" 304 - "http://localhost/app_dev.php/" "Mozilla/5.0 (Windows NT 10.0; WOW64; rv:46.0) Gecko/20100101 Firefox/46.0"
::1 - - [15/May/2016:19:12:41 -0300] "GET /app_dev.php/js/routing?callback=fos.Router.setData HTTP/1.1" 200 920 "http://localhost/app_dev.php/" "Mozilla/5.0 (Windows NT 10.0; WOW64; rv:46.0) Gecko/20100101 Firefox/46.0"
::1 - - [15/May/2016:19:12:44 -0300] "GET /images/wnfried_logo_frontend.png HTTP/1.1" 304 - "http://localhost/app_dev.php/" "Mozilla/5.0 (Windows NT 10.0; WOW64; rv:46.0) Gecko/20100101 Firefox/46.0"
::1 - - [15/May/2016:19:12:44 -0300] "GET /images/payment-icon/cirrus.png HTTP/1.1" 304 - "http://localhost/app_dev.php/" "Mozilla/5.0 (Windows NT 10.0; WOW64; rv:46.0) Gecko/20100101 Firefox/46.0"
::1 - - [15/May/2016:19:12:44 -0300] "GET /images/payment-icon/paypal.png HTTP/1.1" 304 - "http://localhost/app_dev.php/" "Mozilla/5.0 (Windows NT 10.0; WOW64; rv:46.0) Gecko/20100101 Firefox/46.0"
::1 - - [15/May/2016:19:12:44 -0300] "GET /images/payment-icon/visa.png HTTP/1.1" 304 - "http://localhost/app_dev.php/" "Mozilla/5.0 (Windows NT 10.0; WOW64; rv:46.0) Gecko/20100101 Firefox/46.0"
::1 - - [15/May/2016:19:12:44 -0300] "GET /images/payment-icon/mastercard.png HTTP/1.1" 304 - "http://localhost/app_dev.php/" "Mozilla/5.0 (Windows NT 10.0; WOW64; rv:46.0) Gecko/20100101 Firefox/46.0"
::1 - - [15/May/2016:19:12:44 -0300] "GET /images/payment-icon/americanexpress.png HTTP/1.1" 304 - "http://localhost/app_dev.php/" "Mozilla/5.0 (Windows NT 10.0; WOW64; rv:46.0) Gecko/20100101 Firefox/46.0"
::1 - - [15/May/2016:19:12:44 -0300] "GET /bundles/app/images/loadinfo.gif HTTP/1.1" 304 - "http://localhost/app_dev.php/css/929f201_part_1.css" "Mozilla/5.0 (Windows NT 10.0; WOW64; rv:46.0) Gecko/20100101 Firefox/46.0"
::1 - - [15/May/2016:19:12:44 -0300] "GET /app_dev.php/_wdt/a2fa62 HTTP/1.1" 200 37178 "http://localhost/app_dev.php/" "Mozilla/5.0 (Windows NT 10.0; WOW64; rv:46.0) Gecko/20100101 Firefox/46.0"
::1 - - [15/May/2016:19:12:54 -0300] "GET /app_dev.php/login HTTP/1.1" 200 34770 "-" "Mozilla/5.0 (Windows NT 10.0; WOW64; rv:46.0) Gecko/20100101 Firefox/46.0"
::1 - - [15/May/2016:19:12:55 -0300] "GET /app_dev.php/js/57ea7aa_part_1.js HTTP/1.1" 304 - "http://localhost/app_dev.php/login" "Mozilla/5.0 (Windows NT 10.0; WOW64; rv:46.0) Gecko/20100101 Firefox/46.0"
::1 - - [15/May/2016:19:12:55 -0300] "GET /app_dev.php/js/1e643b1_part_1.js HTTP/1.1" 304 - "http://localhost/app_dev.php/login" "Mozilla/5.0 (Windows NT 10.0; WOW64; rv:46.0) Gecko/20100101 Firefox/46.0"
::1 - - [15/May/2016:19:12:55 -0300] "GET /app_dev.php/css/929f201_part_1.css HTTP/1.1" 304 - "http://localhost/app_dev.php/login" "Mozilla/5.0 (Windows NT 10.0; WOW64; rv:46.0) Gecko/20100101 Firefox/46.0"
::1 - - [15/May/2016:19:12:55 -0300] "GET /app_dev.php/js/routing?callback=fos.Router.setData HTTP/1.1" 200 920 "http://localhost/app_dev.php/login" "Mozilla/5.0 (Windows NT 10.0; WOW64; rv:46.0) Gecko/20100101 Firefox/46.0"
::1 - - [15/May/2016:19:12:57 -0300] "GET /app_dev.php/_wdt/84bc40 HTTP/1.1" 200 35124 "http://localhost/app_dev.php/login" "Mozilla/5.0 (Windows NT 10.0; WOW64; rv:46.0) Gecko/20100101 Firefox/46.0"
::1 - - [15/May/2016:19:14:05 -0300] "POST /app_dev.php/login_check HTTP/1.1" 302 384 "http://localhost/app_dev.php/login" "Mozilla/5.0 (Windows NT 10.0; WOW64; rv:46.0) Gecko/20100101 Firefox/46.0"
::1 - - [15/May/2016:19:14:09 -0300] "GET /bundles/app/css/admin/admin.css HTTP/1.1" 200 5755 "http://localhost/app_dev.php/admin/" "Mozilla/5.0 (Windows NT 10.0; WOW64; rv:46.0) Gecko/20100101 Firefox/46.0"
::1 - - [15/May/2016:19:14:07 -0300] "GET /app_dev.php/admin/ HTTP/1.1" 200 34890 "http://localhost/app_dev.php/login" "Mozilla/5.0 (Windows NT 10.0; WOW64; rv:46.0) Gecko/20100101 Firefox/46.0"
::1 - - [15/May/2016:19:14:09 -0300] "GET /assets/js/plugins/modernizr/modernizr.custom.js HTTP/1.1" 200 1743 "http://localhost/app_dev.php/admin/" "Mozilla/5.0 (Windows NT 10.0; WOW64; rv:46.0) Gecko/20100101 Firefox/46.0"
::1 - - [15/May/2016:19:14:09 -0300] "GET /assets/js/libs/jquery-2.1.3.min.js HTTP/1.1" 200 84320 "http://localhost/app_dev.php/admin/" "Mozilla/5.0 (Windows NT 10.0; WOW64; rv:46.0) Gecko/20100101 Firefox/46.0"
::1 - - [15/May/2016:19:14:09 -0300] "GET /assets/js/plugins/select2/select2-bootstrap.css HTTP/1.1" 200 3407 "http://localhost/app_dev.php/admin/" "Mozilla/5.0 (Windows NT 10.0; WOW64; rv:46.0) Gecko/20100101 Firefox/46.0"
::1 - - [15/May/2016:19:14:09 -0300] "GET /bundles/rbsoftabmgenerador/fileupload/js/fileinput.min.js HTTP/1.1" 200 22670 "http://localhost/app_dev.php/admin/" "Mozilla/5.0 (Windows NT 10.0; WOW64; rv:46.0) Gecko/20100101 Firefox/46.0"
::1 - - [15/May/2016:19:14:09 -0300] "GET /assets/js/plugins/select2/select2.css HTTP/1.1" 200 19663 "http://localhost/app_dev.php/admin/" "Mozilla/5.0 (Windows NT 10.0; WOW64; rv:46.0) Gecko/20100101 Firefox/46.0"
::1 - - [15/May/2016:19:14:09 -0300] "GET /bundles/app/js/admin/admin.js HTTP/1.1" 200 723 "http://localhost/app_dev.php/admin/" "Mozilla/5.0 (Windows NT 10.0; WOW64; rv:46.0) Gecko/20100101 Firefox/46.0"
::1 - - [15/May/2016:19:14:09 -0300] "GET /assets/js/plugins/select2/select2.js HTTP/1.1" 200 147256 "http://localhost/app_dev.php/admin/" "Mozilla/5.0 (Windows NT 10.0; WOW64; rv:46.0) Gecko/20100101 Firefox/46.0"
::1 - - [15/May/2016:19:14:09 -0300] "GET /app_dev.php/js/routing?callback=fos.Router.setData HTTP/1.1" 200 920 "http://localhost/app_dev.php/admin/" "Mozilla/5.0 (Windows NT 10.0; WOW64; rv:46.0) Gecko/20100101 Firefox/46.0"
::1 - - [15/May/2016:19:14:09 -0300] "GET /app_dev.php/admin/favicon.ico HTTP/1.1" 404 116676 "-" "Mozilla/5.0 (Windows NT 10.0; WOW64; rv:46.0) Gecko/20100101 Firefox/46.0"
::1 - - [15/May/2016:19:14:09 -0300] "GET /app_dev.php/js/1e643b1_part_1.js HTTP/1.1" 304 - "http://localhost/app_dev.php/admin/" "Mozilla/5.0 (Windows NT 10.0; WOW64; rv:46.0) Gecko/20100101 Firefox/46.0"
::1 - - [15/May/2016:19:14:09 -0300] "GET /app_dev.php/css/a30bb4e_part_1.css HTTP/1.1" 200 216037 "http://localhost/app_dev.php/admin/" "Mozilla/5.0 (Windows NT 10.0; WOW64; rv:46.0) Gecko/20100101 Firefox/46.0"
::1 - - [15/May/2016:19:14:11 -0300] "GET /cache/4/1/2/d/6/412d6266a614f3a3ee6eb6d8ba825880ca62d2e7.png HTTP/1.1" 200 452 "http://localhost/app_dev.php/admin/" "Mozilla/5.0 (Windows NT 10.0; WOW64; rv:46.0) Gecko/20100101 Firefox/46.0"
::1 - - [15/May/2016:19:14:11 -0300] "GET /images/winfried_logo_tras.png HTTP/1.1" 200 50875 "http://localhost/app_dev.php/admin/" "Mozilla/5.0 (Windows NT 10.0; WOW64; rv:46.0) Gecko/20100101 Firefox/46.0"
::1 - - [15/May/2016:19:14:10 -0300] "GET /app_dev.php/admin/favicon.ico HTTP/1.1" 404 116676 "-" "Mozilla/5.0 (Windows NT 10.0; WOW64; rv:46.0) Gecko/20100101 Firefox/46.0"
::1 - - [15/May/2016:19:14:09 -0300] "GET /app_dev.php/js/f10a762_part_1.js HTTP/1.1" 200 365322 "http://localhost/app_dev.php/admin/" "Mozilla/5.0 (Windows NT 10.0; WOW64; rv:46.0) Gecko/20100101 Firefox/46.0"
::1 - - [15/May/2016:19:14:12 -0300] "GET /app_dev.php/_wdt/90e4a9 HTTP/1.1" 200 37390 "http://localhost/app_dev.php/admin/" "Mozilla/5.0 (Windows NT 10.0; WOW64; rv:46.0) Gecko/20100101 Firefox/46.0"
::1 - - [15/May/2016:19:14:30 -0300] "GET /app_dev.php/admin/categoria/ HTTP/1.1" 500 74429 "http://localhost/app_dev.php/admin/" "Mozilla/5.0 (Windows NT 10.0; WOW64; rv:46.0) Gecko/20100101 Firefox/46.0"
::1 - - [15/May/2016:19:14:32 -0300] "GET /bundles/framework/css/body.css HTTP/1.1" 304 - "http://localhost/app_dev.php/admin/categoria/" "Mozilla/5.0 (Windows NT 10.0; WOW64; rv:46.0) Gecko/20100101 Firefox/46.0"
::1 - - [15/May/2016:19:14:32 -0300] "GET /bundles/framework/css/structure.css HTTP/1.1" 304 - "http://localhost/app_dev.php/admin/categoria/" "Mozilla/5.0 (Windows NT 10.0; WOW64; rv:46.0) Gecko/20100101 Firefox/46.0"
::1 - - [15/May/2016:19:14:32 -0300] "GET /bundles/framework/css/exception.css HTTP/1.1" 304 - "http://localhost/app_dev.php/admin/categoria/" "Mozilla/5.0 (Windows NT 10.0; WOW64; rv:46.0) Gecko/20100101 Firefox/46.0"
::1 - - [15/May/2016:19:14:32 -0300] "GET /app_dev.php/_wdt/6cbacd HTTP/1.1" 200 34962 "http://localhost/app_dev.php/admin/categoria/" "Mozilla/5.0 (Windows NT 10.0; WOW64; rv:46.0) Gecko/20100101 Firefox/46.0"
